2022-04-15 20:24:31,957 WARN [restartedMain] o.a.c.c.C.[.[.[/community] [DirectJDKLog.java:173] Cannot deserialize session attribute [SPRING_SECURITY_CONTEXT] for session [B23E9ADD74F5FF6A9E82CDDA3BD9FEDC]
2022-04-15 20:34:55,852 WARN [HikariPool-2 housekeeper] c.z.h.p.HikariPool [HikariPool.java:758] HikariPool-2 - Retrograde clock change detected (housekeeper delta=29s758ms), soft-evicting connections from pool.
2022-04-15 20:59:24,644 WARN [kafka-producer-network-thread | producer-3] o.a.k.c.NetworkClient [NetworkClient.java:671] [Producer clientId=producer-3] Connection to node 0 could not be established. Broker may not be available.
2022-04-15 20:59:24,646 WARN [org.springframework.kafka.KafkaListenerEndpointContainer#0-0-C-1] o.a.k.c.NetworkClient [NetworkClient.java:671] [Consumer clientId=consumer-22, groupId=test-consumer-group] Connection to node 0 could not be established. Broker may not be available.
2022-04-15 20:59:24,646 WARN [org.springframework.kafka.KafkaListenerEndpointContainer#1-0-C-1] o.a.k.c.NetworkClient [NetworkClient.java:671] [Consumer clientId=consumer-24, groupId=test-consumer-group] Connection to node 0 could not be established. Broker may not be available.
2022-04-15 20:59:24,646 WARN [org.springframework.kafka.KafkaListenerEndpointContainer#3-0-C-1] o.a.k.c.NetworkClient [NetworkClient.java:671] [Consumer clientId=consumer-20, groupId=test-consumer-group] Connection to node 0 could not be established. Broker may not be available.
2022-04-15 20:59:24,701 WARN [org.springframework.kafka.KafkaListenerEndpointContainer#2-0-C-1] o.a.k.c.NetworkClient [NetworkClient.java:671] [Consumer clientId=consumer-18, groupId=test-consumer-group] Connection to node 0 could not be established. Broker may not be available.
2022-04-15 20:59:24,754 WARN [org.springframework.kafka.KafkaListenerEndpointContainer#3-0-C-1] o.a.k.c.NetworkClient [NetworkClient.java:671] [Consumer clientId=consumer-20, groupId=test-consumer-group] Connection to node 0 could not be established. Broker may not be available.
2022-04-15 20:59:24,754 WARN [org.springframework.kafka.KafkaListenerEndpointContainer#0-0-C-1] o.a.k.c.NetworkClient [NetworkClient.java:671] [Consumer clientId=consumer-22, groupId=test-consumer-group] Connection to node 0 could not be established. Broker may not be available.
2022-04-15 20:59:24,754 WARN [org.springframework.kafka.KafkaListenerEndpointContainer#1-0-C-1] o.a.k.c.NetworkClient [NetworkClient.java:671] [Consumer clientId=consumer-24, groupId=test-consumer-group] Connection to node 0 could not be established. Broker may not be available.
2022-04-15 20:59:24,804 WARN [kafka-producer-network-thread | producer-3] o.a.k.c.NetworkClient [NetworkClient.java:671] [Producer clientId=producer-3] Connection to node 0 could not be established. Broker may not be available.
2022-04-15 20:59:24,807 WARN [org.springframework.kafka.KafkaListenerEndpointContainer#2-0-C-1] o.a.k.c.NetworkClient [NetworkClient.java:671] [Consumer clientId=consumer-18, groupId=test-consumer-group] Connection to node 0 could not be established. Broker may not be available.
2022-04-15 20:59:24,912 WARN [lettuce-eventExecutorLoop-9-6] i.l.c.p.ConnectionWatchdog [Netty4InternalESLogger.java:139] Cannot reconnect: io.netty.channel.AbstractChannel$AnnotatedConnectException: Connection refused: localhost/127.0.0.1:6379
2022-04-15 20:59:24,965 WARN [org.springframework.kafka.KafkaListenerEndpointContainer#3-0-C-1] o.a.k.c.NetworkClient [NetworkClient.java:671] [Consumer clientId=consumer-20, groupId=test-consumer-group] Connection to node 0 could not be established. Broker may not be available.
2022-04-15 20:59:24,965 WARN [org.springframework.kafka.KafkaListenerEndpointContainer#0-0-C-1] o.a.k.c.NetworkClient [NetworkClient.java:671] [Consumer clientId=consumer-22, groupId=test-consumer-group] Connection to node 0 could not be established. Broker may not be available.
2022-04-15 20:59:25,019 WARN [kafka-producer-network-thread | producer-3] o.a.k.c.NetworkClient [NetworkClient.java:671] [Producer clientId=producer-3] Connection to node 0 could not be established. Broker may not be available.
2022-04-15 20:59:25,019 WARN [org.springframework.kafka.KafkaListenerEndpointContainer#2-0-C-1] o.a.k.c.NetworkClient [NetworkClient.java:671] [Consumer clientId=consumer-18, groupId=test-consumer-group] Connection to node 0 could not be established. Broker may not be available.
2022-04-15 20:59:25,019 WARN [org.springframework.kafka.KafkaListenerEndpointContainer#1-0-C-1] o.a.k.c.NetworkClient [NetworkClient.java:671] [Consumer clientId=consumer-24, groupId=test-consumer-group] Connection to node 0 could not be established. Broker may not be available.
2022-04-15 20:59:25,396 WARN [org.springframework.kafka.KafkaListenerEndpointContainer#0-0-C-1] o.a.k.c.NetworkClient [NetworkClient.java:671] [Consumer clientId=consumer-22, groupId=test-consumer-group] Connection to node 0 could not be established. Broker may not be available.
2022-04-15 20:59:25,396 WARN [org.springframework.kafka.KafkaListenerEndpointContainer#3-0-C-1] o.a.k.c.NetworkClient [NetworkClient.java:671] [Consumer clientId=consumer-20, groupId=test-consumer-group] Connection to node 0 could not be established. Broker may not be available.
2022-04-15 20:59:25,396 WARN [kafka-producer-network-thread | producer-3] o.a.k.c.NetworkClient [NetworkClient.java:671] [Producer clientId=producer-3] Connection to node 0 could not be established. Broker may not be available.
2022-04-15 20:59:25,450 WARN [org.springframework.kafka.KafkaListenerEndpointContainer#1-0-C-1] o.a.k.c.NetworkClient [NetworkClient.java:671] [Consumer clientId=consumer-24, groupId=test-consumer-group] Connection to node 0 could not be established. Broker may not be available.
2022-04-15 20:59:25,450 WARN [org.springframework.kafka.KafkaListenerEndpointContainer#2-0-C-1] o.a.k.c.NetworkClient [NetworkClient.java:671] [Consumer clientId=consumer-18, groupId=test-consumer-group] Connection to node 0 could not be established. Broker may not be available.
2022-04-15 20:59:26,147 WARN [kafka-producer-network-thread | producer-3] o.a.k.c.NetworkClient [NetworkClient.java:671] [Producer clientId=producer-3] Connection to node 0 could not be established. Broker may not be available.
2022-04-15 20:59:26,200 WARN [org.springframework.kafka.KafkaListenerEndpointContainer#0-0-C-1] o.a.k.c.NetworkClient [NetworkClient.java:671] [Consumer clientId=consumer-22, groupId=test-consumer-group] Connection to node 0 could not be established. Broker may not be available.
2022-04-15 20:59:26,254 WARN [org.springframework.kafka.KafkaListenerEndpointContainer#2-0-C-1] o.a.k.c.NetworkClient [NetworkClient.java:671] [Consumer clientId=consumer-18, groupId=test-consumer-group] Connection to node 0 could not be established. Broker may not be available.
2022-04-15 20:59:26,254 WARN [org.springframework.kafka.KafkaListenerEndpointContainer#3-0-C-1] o.a.k.c.NetworkClient [NetworkClient.java:671] [Consumer clientId=consumer-20, groupId=test-consumer-group] Connection to node 0 could not be established. Broker may not be available.
2022-04-15 20:59:26,414 WARN [org.springframework.kafka.KafkaListenerEndpointContainer#1-0-C-1] o.a.k.c.NetworkClient [NetworkClient.java:671] [Consumer clientId=consumer-24, groupId=test-consumer-group] Connection to node 0 could not be established. Broker may not be available.
2022-04-15 20:59:27,006 WARN [kafka-producer-network-thread | producer-3] o.a.k.c.NetworkClient [NetworkClient.java:671] [Producer clientId=producer-3] Connection to node 0 could not be established. Broker may not be available.
2022-04-15 20:59:27,059 WARN [org.springframework.kafka.KafkaListenerEndpointContainer#0-0-C-1] o.a.k.c.NetworkClient [NetworkClient.java:671] [Consumer clientId=consumer-22, groupId=test-consumer-group] Connection to node 0 could not be established. Broker may not be available.
2022-04-15 20:59:27,276 WARN [org.springframework.kafka.KafkaListenerEndpointContainer#2-0-C-1] o.a.k.c.NetworkClient [NetworkClient.java:671] [Consumer clientId=consumer-18, groupId=test-consumer-group] Connection to node 0 could not be established. Broker may not be available.
2022-04-15 20:59:27,329 WARN [kafka-coordinator-heartbeat-thread | test-consumer-group] o.a.k.c.NetworkClient [NetworkClient.java:671] [Consumer clientId=consumer-20, groupId=test-consumer-group] Connection to node 0 could not be established. Broker may not be available.
2022-04-15 20:59:27,650 WARN [org.springframework.kafka.KafkaListenerEndpointContainer#1-0-C-1] o.a.k.c.NetworkClient [NetworkClient.java:671] [Consumer clientId=consumer-24, groupId=test-consumer-group] Connection to node 0 could not be established. Broker may not be available.
2022-04-15 20:59:28,027 WARN [kafka-producer-network-thread | producer-3] o.a.k.c.NetworkClient [NetworkClient.java:671] [Producer clientId=producer-3] Connection to node 0 could not be established. Broker may not be available.
2022-04-15 20:59:28,079 WARN [org.springframework.kafka.KafkaListenerEndpointContainer#0-0-C-1] o.a.k.c.NetworkClient [NetworkClient.java:671] [Consumer clientId=consumer-22, groupId=test-consumer-group] Connection to node 0 could not be established. Broker may not be available.
2022-04-15 20:59:28,184 WARN [org.springframework.kafka.KafkaListenerEndpointContainer#3-0-C-1] o.a.k.c.NetworkClient [NetworkClient.java:671] [Consumer clientId=consumer-20, groupId=test-consumer-group] Connection to node 0 could not be established. Broker may not be available.
2022-04-15 20:59:28,235 WARN [org.springframework.kafka.KafkaListenerEndpointContainer#2-0-C-1] o.a.k.c.NetworkClient [NetworkClient.java:671] [Consumer clientId=consumer-18, groupId=test-consumer-group] Connection to node 0 could not be established. Broker may not be available.
2022-04-15 20:59:28,711 WARN [org.springframework.kafka.KafkaListenerEndpointContainer#1-0-C-1] o.a.k.c.NetworkClient [NetworkClient.java:671] [Consumer clientId=consumer-24, groupId=test-consumer-group] Connection to node 0 could not be established. Broker may not be available.
